<?xml version="1.0" encoding="UTF-8"?>
<!-- Generated by org.testng.reporters.JUnitXMLReporter -->
<testsuite ignored="4" hostname="Nikhils-Air" failures="3" tests="12" name="Test1" time="99.205" errors="0" timestamp="2023-11-23T16:13:14 IST">
  <testcase classname="com.Procure.Admin.addretailerwithmandatorytextfieldTest" name="addretailerwithmandatorytextfield" time="0.403">
    <skipped/>
  </testcase> <!-- addretailerwithmandatorytextfield -->
  <testcase classname="com.Procure.Admin.addretailerwithmandatorytextfieldTest" name="addretailerwithmandatorytextfield" time="0.399">
    <skipped/>
  </testcase> <!-- addretailerwithmandatorytextfield -->
  <testcase classname="com.Procure.Admin.addretailerwithmandatorytextfieldTest" name="addretailerwithmandatorytextfield" time="0.288">
    <skipped/>
  </testcase> <!-- addretailerwithmandatorytextfield -->
  <testcase classname="com.Procure.Admin.addretailerwithmandatorytextfieldTest" name="addretailerwithmandatorytextfield" time="0.184">
    <failure type="java.lang.AssertionError" message="null">
      <![CDATA[java.lang.AssertionError: null
at com.Procure.Admin.addretailerwithmandatorytextfieldTest.addretailerwithmandatorytextfield(addretailerwithmandatorytextfieldTest.java:27)
at java.base/java.util.ArrayList.forEach(ArrayList.java:1511)
at java.base/java.util.concurrent.FutureTask.run(FutureTask.java:264)
at java.base/java.util.concurrent.ThreadPoolExecutor.runWorker(ThreadPoolExecutor.java:1136)
at java.base/java.util.concurrent.ThreadPoolExecutor$Worker.run(ThreadPoolExecutor.java:635)
at java.base/java.lang.Thread.run(Thread.java:833)
... Removed 19 stack frames]]>
    </failure>
  </testcase> <!-- addretailerwithmandatorytextfield -->
  <testcase classname="com.Procure.Admin.updatemanufacturerTest" name="updatemanufacturer" time="0.318">
    <skipped/>
  </testcase> <!-- updatemanufacturer -->
  <testcase classname="com.Procure.Admin.updatemanufacturerTest" name="updatemanufacturer" time="0.138">
    <skipped/>
  </testcase> <!-- updatemanufacturer -->
  <testcase classname="com.Procure.Admin.updatemanufacturerTest" name="updatemanufacturer" time="0.103">
    <skipped/>
  </testcase> <!-- updatemanufacturer -->
  <testcase classname="com.Procure.Admin.updatemanufacturerTest" name="updatemanufacturer" time="0.104">
    <failure type="java.lang.AssertionError" message="null">
      <![CDATA[java.lang.AssertionError: null
at com.Procure.Admin.updatemanufacturerTest.updatemanufacturer(updatemanufacturerTest.java:25)
at java.base/java.util.ArrayList.forEach(ArrayList.java:1511)
at java.base/java.util.concurrent.FutureTask.run(FutureTask.java:264)
at java.base/java.util.concurrent.ThreadPoolExecutor.runWorker(ThreadPoolExecutor.java:1136)
at java.base/java.util.concurrent.ThreadPoolExecutor$Worker.run(ThreadPoolExecutor.java:635)
at java.base/java.lang.Thread.run(Thread.java:833)
... Removed 19 stack frames]]>
    </failure>
  </testcase> <!-- updatemanufacturer -->
  <testcase classname="com.Procure.Admin.checkinvoicebyidTest" name="checkinvoicebyid" time="0.706">
    <skipped/>
  </testcase> <!-- checkinvoicebyid -->
  <testcase classname="com.Procure.Admin.checkinvoicebyidTest" name="checkinvoicebyid" time="0.299">
    <skipped/>
  </testcase> <!-- checkinvoicebyid -->
  <testcase classname="com.Procure.Admin.checkinvoicebyidTest" name="checkinvoicebyid" time="0.096">
    <skipped/>
  </testcase> <!-- checkinvoicebyid -->
  <testcase classname="com.Procure.Admin.checkinvoicebyidTest" name="checkinvoicebyid" time="0.111">
    <failure type="java.lang.AssertionError" message="null">
      <![CDATA[java.lang.AssertionError: null
at com.Procure.Admin.checkinvoicebyidTest.checkinvoicebyid(checkinvoicebyidTest.java:17)
at java.base/java.util.ArrayList.forEach(ArrayList.java:1511)
at java.base/java.util.concurrent.FutureTask.run(FutureTask.java:264)
at java.base/java.util.concurrent.ThreadPoolExecutor.runWorker(ThreadPoolExecutor.java:1136)
at java.base/java.util.concurrent.ThreadPoolExecutor$Worker.run(ThreadPoolExecutor.java:635)
at java.base/java.lang.Thread.run(Thread.java:833)
... Removed 19 stack frames]]>
    </failure>
  </testcase> <!-- checkinvoicebyid -->
  <testcase classname="com.scm.genericutils.BaseClass" name="@BeforeSuite config_BS" time="0.0">
    <ignored/>
  </testcase> <!-- @BeforeSuite config_BS -->
  <testcase classname="com.scm.genericutils.BaseClass" name="@AfterSuite config_AS" time="0.0">
    <ignored/>
  </testcase> <!-- @AfterSuite config_AS -->
  <testcase classname="com.scm.genericutils.BaseClass" name="@BeforeSuite config_BS" time="0.0">
    <ignored/>
  </testcase> <!-- @BeforeSuite config_BS -->
  <testcase classname="com.scm.genericutils.BaseClass" name="@AfterSuite config_AS" time="0.0">
    <ignored/>
  </testcase> <!-- @AfterSuite config_AS -->
</testsuite> <!-- Test1 -->
