<?xml version="1.0" encoding="UTF-8"?>
<!-- Generated by org.testng.reporters.JUnitReportReporter -->
<testsuite hostname="Nikhils-Air" failures="1" tests="4" name="com.Procure.Admin.addretailerwithmandatorytextfieldTest" time="26.044" errors="0" timestamp="2023-11-23T16:13:14 IST" skipped="3">
  <testcase classname="com.Procure.Admin.addretailerwithmandatorytextfieldTest" name="addretailerwithmandatorytextfield" time="7.609">
    <failure message="null" type="java.lang.AssertionError">
      <![CDATA[java.lang.AssertionError: null
at org.testng.Assert.fail(Assert.java:110)
at org.testng.Assert.fail(Assert.java:115)
at com.Procure.Admin.addretailerwithmandatorytextfieldTest.addretailerwithmandatorytextfield(addretailerwithmandatorytextfieldTest.java:27)
at java.base/jdk.internal.reflect.NativeMethodAccessorImpl.invoke0(Native Method)
at java.base/jdk.internal.reflect.NativeMethodAccessorImpl.invoke(NativeMethodAccessorImpl.java:77)
at java.base/jdk.internal.reflect.DelegatingMethodAccessorImpl.invoke(DelegatingMethodAccessorImpl.java:43)
at java.base/java.lang.reflect.Method.invoke(Method.java:568)
at org.testng.internal.invokers.MethodInvocationHelper.invokeMethod(MethodInvocationHelper.java:139)
at org.testng.internal.invokers.TestInvoker.invokeMethod(TestInvoker.java:677)
at org.testng.internal.invokers.TestInvoker.retryFailed(TestInvoker.java:263)
at org.testng.internal.invokers.MethodRunner.runInSequence(MethodRunner.java:62)
at org.testng.internal.invokers.TestInvoker$MethodInvocationAgent.invoke(TestInvoker.java:969)
at org.testng.internal.invokers.TestInvoker.invokeTestMethods(TestInvoker.java:194)
at org.testng.internal.invokers.TestMethodWorker.invokeTestMethods(TestMethodWorker.java:148)
at org.testng.internal.invokers.TestMethodWorker.run(TestMethodWorker.java:128)
at java.base/java.util.ArrayList.forEach(ArrayList.java:1511)
at org.testng.TestRunner.privateRun(TestRunner.java:829)
at org.testng.TestRunner.run(TestRunner.java:602)
at org.testng.SuiteRunner.runTest(SuiteRunner.java:437)
at org.testng.SuiteRunner$SuiteWorker.run(SuiteRunner.java:475)
at org.testng.internal.thread.ThreadUtil.lambda$execute$0(ThreadUtil.java:58)
at java.base/java.util.concurrent.FutureTask.run(FutureTask.java:264)
at java.base/java.util.concurrent.ThreadPoolExecutor.runWorker(ThreadPoolExecutor.java:1136)
at java.base/java.util.concurrent.ThreadPoolExecutor$Worker.run(ThreadPoolExecutor.java:635)
at java.base/java.lang.Thread.run(Thread.java:833)
]]>
    </failure>
  </testcase> <!-- addretailerwithmandatorytextfield -->
  <system-out>
    <![CDATA[addretailerwithmandatorytextfield----TestScript execution strts from here-----
addretailerwithmandatorytextfield23/11/2023 16-12-08----TestScript execution failed-----]]>
  </system-out>
  <testcase classname="com.Procure.Admin.addretailerwithmandatorytextfieldTest" name="addretailerwithmandatorytextfield" time="6.042">
    <skipped/>
  </testcase> <!-- addretailerwithmandatorytextfield -->
  <system-out>
    <![CDATA[addretailerwithmandatorytextfield----TestScript execution strts from here-----
addretailerwithmandatorytextfield----TestScript execution Skipped-----]]>
  </system-out>
  <testcase classname="com.Procure.Admin.addretailerwithmandatorytextfieldTest" name="addretailerwithmandatorytextfield" time="6.251">
    <skipped/>
  </testcase> <!-- addretailerwithmandatorytextfield -->
  <system-out>
    <![CDATA[addretailerwithmandatorytextfield----TestScript execution strts from here-----
addretailerwithmandatorytextfield----TestScript execution Skipped-----]]>
  </system-out>
  <testcase classname="com.Procure.Admin.addretailerwithmandatorytextfieldTest" name="addretailerwithmandatorytextfield" time="6.142">
    <skipped/>
  </testcase> <!-- addretailerwithmandatorytextfield -->
  <system-out>
    <![CDATA[addretailerwithmandatorytextfield----TestScript execution strts from here-----
addretailerwithmandatorytextfield----TestScript execution Skipped-----]]>
  </system-out>
</testsuite> <!-- com.Procure.Admin.addretailerwithmandatorytextfieldTest -->
